This file contains any messages produced by compilers while
running configure, to aid debugging if configure makes a mistake.

configure:768: checking for a BSD compatible install
configure:821: checking whether build environment is sane
configure:878: checking whether make sets ${MAKE}
configure:924: checking for working aclocal
configure:937: checking for working autoconf
configure:950: checking for working automake
configure:963: checking for working autoheader
configure:976: checking for working makeinfo
configure:993: checking whether to enable maintainer-specific portions of Makefiles
configure:1026: checking for gcc
configure:1139: checking whether the C compiler (gcc  ) works
configure:1155: gcc -o conftest    conftest.c  1>&5
configure:1181: checking whether the C compiler (gcc  ) is a cross-compiler
configure:1186: checking whether we are using GNU C
configure:1214: checking whether gcc accepts -g
configure:1257: checking for a BSD compatible install
configure:1310: checking whether ln -s works
configure:1331: checking whether make sets ${MAKE}
configure:1358: checking for Cygwin environment
configure:1391: checking for mingw32 environment
configure:1420: checking how to run the C preprocessor
configure:1575: checking host system type
configure:1596: checking build system type
configure:1625: checking for ld used by GCC
configure:1693: checking if the linker (/usr/i686-pc-linux-gnu/bin/ld) is GNU ld
configure:1710: checking for /usr/i686-pc-linux-gnu/bin/ld option to reload object files
configure:1722: checking for BSD-compatible nm
configure:1760: checking how to recognise dependant libraries
configure:1943: checking for object suffix
configure:1969: checking for executable suffix
configure:2010: checking command to parse /usr/bin/nm -B output
configure:2193: checking for dlfcn.h
configure:2371: checking for ranlib
configure:2438: checking for strip
configure:2681: checking for objdir
configure:2708: checking for gcc option to produce PIC
configure:2860: checking if gcc PIC flag   -fPIC works
configure:2926: checking if gcc static flag -static works
configure:2968: checking if gcc supports -c -o file.o
configure:3016: checking if gcc supports -c -o file.lo
configure:3084: checking if gcc supports -fno-rtti -fno-exceptions
configure:3097: gcc -c -g -O2 -fno-rtti -fno-exceptions -c conftest.c  conftest.c 1>&5
configure:3124: checking whether the linker (/usr/i686-pc-linux-gnu/bin/ld) supports shared libraries
configure:3780: checking how to hardcode library paths into programs
configure:3808: checking whether stripping libraries is possible
configure:3822: checking dynamic linker characteristics
configure:4219: checking if libtool supports shared libraries
configure:4223: checking whether to build shared libraries
configure:4246: checking whether to build static libraries
configure:4782: checking whether -lc should be explicitly linked in
configure:5434: checking for gtk-config
configure:5469: checking for GTK - version >= 1.2.0
configure:5570: gcc -o conftest -g -O2 -I/usr/include/gtk-1.2 -I/usr/include/glib-1.2 -I/usr/lib/glib/include -D_REENTRANT -I/usr/X11R6/include   conftest.c -L/usr/lib -L/usr/X11R6/lib -lgtk -lgdk -rdynamic -lgmodule -lgthread -lglib -lpthread -ldl -lXi -lXext -lX11 -lm  1>&5
configure:5705: checking for glib-config
configure:5740: checking for GLIB - version >= 1.2.0
configure:5839: gcc -o conftest -g -O2 -I/usr/include/glib-1.2 -I/usr/lib/glib/include -D_REENTRANT   conftest.c -L/usr/lib -lgthread -lglib -lpthread  1>&5
configure:5963: checking for esd-config
configure:5998: checking for ESD - version >= 0.2.8
configure:6088: gcc -o conftest -g -O2    conftest.c  -L/usr/lib -lesd -laudiofile -lm -lasound 1>&5
configure:6195: checking for fcntl.h
configure:6195: checking for sys/ioctl.h
configure:6195: checking for sys/time.h
configure:6195: checking for unistd.h
configure:6195: checking for pthread.h
configure:6393: checking for pthread_create in -lpthread
configure:6486: checking for rfftw_one in -lrfftw
configure:6529: checking for rfftw_one in -lrfftw
configure:6700: checking for gdk_imlib_render in -lgdk_imlib
